<?xml version="1.0" encoding="UTF-8"?>
<!-- Generated by org.testng.reporters.JUnitXMLReporter -->
<testsuite ignored="0" hostname="DESKTOP-T2PM9EQ" failures="2" tests="13" name="TestNG" time="7.091" errors="0" timestamp="2024-03-25T19:57:02 IST">
  <testcase classname="TestNG.Crossbrowsing" name="@BeforeTest setup" time="-1.711376822086E9">
    <failure type="org.testng.TestNGException" message="
Parameter &amp;apos;browser&amp;apos; is required by BeforeTest on method setup but has not been marked @Optional or defined
in C:\Users\DELL\AppData\Local\Temp\testng-eclipse-1501916663\testng-customsuite.xml">
      <![CDATA[org.testng.TestNGException: 
Parameter 'browser' is required by BeforeTest on method setup but has not been marked @Optional or defined
in C:\Users\DELL\AppData\Local\Temp\testng-eclipse-1501916663\testng-customsuite.xml
at org.testng.internal.Parameters.createParams(Parameters.java:270)
at org.testng.internal.Parameters.createParametersForMethod(Parameters.java:358)
at org.testng.internal.Parameters.createParameters(Parameters.java:700)
at org.testng.internal.Parameters.createConfigurationParameters(Parameters.java:168)
at org.testng.internal.ConfigInvoker.invokeConfigurations(ConfigInvoker.java:302)
at org.testng.TestRunner.invokeTestConfigurations(TestRunner.java:637)
at org.testng.TestRunner.beforeRun(TestRunner.java:627)
at org.testng.TestRunner.run(TestRunner.java:589)
at org.testng.SuiteRunner.runTest(SuiteRunner.java:377)
at org.testng.SuiteRunner.runSequentially(SuiteRunner.java:371)
at org.testng.SuiteRunner.privateRun(SuiteRunner.java:332)
at org.testng.SuiteRunner.run(SuiteRunner.java:276)
at org.testng.SuiteRunnerWorker.runSuite(SuiteRunnerWorker.java:53)
at org.testng.SuiteRunnerWorker.run(SuiteRunnerWorker.java:96)
at org.testng.TestNG.runSuitesSequentially(TestNG.java:1212)
at org.testng.TestNG.runSuitesLocally(TestNG.java:1134)
at org.testng.TestNG.runSuites(TestNG.java:1063)
at org.testng.TestNG.run(TestNG.java:1031)
at org.testng.remote.AbstractRemoteTestNG.run(AbstractRemoteTestNG.java:115)
at org.testng.remote.RemoteTestNG.initAndRun(RemoteTestNG.java:251)
at org.testng.remote.RemoteTestNG.main(RemoteTestNG.java:77)
]]>
    </failure>
  </testcase> <!-- @BeforeTest setup -->
  <testcase classname="TestNG.Datadriventest" name="@BeforeTest beforetest" time="-1.711376822113E9">
    <skipped/>
  </testcase> <!-- @BeforeTest beforetest -->
  <testcase classname="TestNG.Datepckerpgm" name="@BeforeTest SetUp" time="-1.711376822118E9">
    <skipped/>
  </testcase> <!-- @BeforeTest SetUp -->
  <testcase classname="TestNG.Draganddrop" name="@BeforeTest setup" time="-1.711376822122E9">
    <skipped/>
  </testcase> <!-- @BeforeTest setup -->
  <testcase classname="TestNG.Facebook" name="@BeforeTest setup" time="-1.711376822126E9">
    <skipped/>
  </testcase> <!-- @BeforeTest setup -->
  <testcase classname="TestNG.Fileupload$Demoguru" name="@BeforeTest setup" time="-1.71137682213E9">
    <skipped/>
  </testcase> <!-- @BeforeTest setup -->
  <testcase classname="TestNG.Fileuploadpgm" name="@BeforeTest beforetest" time="-1.711376822136E9">
    <skipped/>
  </testcase> <!-- @BeforeTest beforetest -->
  <testcase classname="TestNG.Movetoelement" name="@BeforeTest setup" time="-1.711376822138E9">
    <skipped/>
  </testcase> <!-- @BeforeTest setup -->
  <testcase classname="TestNG.Shoppy" name="@BeforeTest setup" time="-1.71137682214E9">
    <skipped/>
  </testcase> <!-- @BeforeTest setup -->
  <testcase classname="TestNG.TestNGDemo" name="@BeforeTest setup" time="-1.711376822142E9">
    <skipped/>
  </testcase> <!-- @BeforeTest setup -->
  <testcase classname="TestNG.TestNGDemo" name="@BeforeTest urlloading" time="-1.711376822145E9">
    <skipped/>
  </testcase> <!-- @BeforeTest urlloading -->
  <testcase classname="TestNG.Windowhandler" name="@BeforeTest beforetest" time="-1.71137682215E9">
    <skipped/>
  </testcase> <!-- @BeforeTest beforetest -->
  <testcase classname="TestNG.TestNGDemo" name="@AfterMethod aftrmthd" time="-1.711376822384E9">
    <skipped/>
  </testcase> <!-- @AfterMethod aftrmthd -->
  <testcase classname="TestNG.TestNGDemo" name="@AfterMethod aftrmthd" time="-1.711376822388E9">
    <skipped/>
  </testcase> <!-- @AfterMethod aftrmthd -->
  <testcase classname="TestNG.TestNGDemo" name="@AfterMethod aftrmthd" time="-1.711376822457E9">
    <skipped/>
  </testcase> <!-- @AfterMethod aftrmthd -->
  <testcase classname="TestNG.Crossbrowsing" name="test" time="0.0">
    <skipped/>
  </testcase> <!-- test -->
  <testcase classname="TestNG.Datadriventest" name="test" time="0.0">
    <skipped/>
  </testcase> <!-- test -->
  <testcase classname="TestNG.Datepckerpgm" name="Testing" time="0.0">
    <skipped/>
  </testcase> <!-- Testing -->
  <testcase classname="TestNG.Draganddrop" name="test1" time="0.0">
    <skipped/>
  </testcase> <!-- test1 -->
  <testcase classname="TestNG.Facebook" name="test" time="0.0">
    <failure type="org.testng.TestNGException" message="
Parameter &amp;apos;username&amp;apos; is required by @Test on method test but has not been marked @Optional or defined
in C:\Users\DELL\AppData\Local\Temp\testng-eclipse-1501916663\testng-customsuite.xml">
      <![CDATA[org.testng.TestNGException: 
Parameter 'username' is required by @Test on method test but has not been marked @Optional or defined
in C:\Users\DELL\AppData\Local\Temp\testng-eclipse-1501916663\testng-customsuite.xml
at org.testng.internal.Parameters.createParams(Parameters.java:270)
at org.testng.internal.Parameters.createParametersForMethod(Parameters.java:358)
at org.testng.internal.Parameters.createParameters(Parameters.java:700)
at org.testng.internal.Parameters.handleParameters(Parameters.java:884)
at org.testng.internal.Parameters.handleParameters(Parameters.java:740)
at org.testng.internal.ParameterHandler.handleParameters(ParameterHandler.java:59)
at org.testng.internal.ParameterHandler.createParameters(ParameterHandler.java:38)
at org.testng.internal.TestInvoker$MethodInvocationAgent.invoke(TestInvoker.java:791)
at org.testng.internal.TestInvoker.invokeTestMethods(TestInvoker.java:146)
at org.testng.internal.TestMethodWorker.invokeTestMethods(TestMethodWorker.java:146)
at org.testng.internal.TestMethodWorker.run(TestMethodWorker.java:128)
at java.base/java.util.ArrayList.forEach(ArrayList.java:1511)
at org.testng.TestRunner.privateRun(TestRunner.java:794)
at org.testng.TestRunner.run(TestRunner.java:596)
at org.testng.SuiteRunner.runTest(SuiteRunner.java:377)
at org.testng.SuiteRunner.runSequentially(SuiteRunner.java:371)
at org.testng.SuiteRunner.privateRun(SuiteRunner.java:332)
at org.testng.SuiteRunner.run(SuiteRunner.java:276)
at org.testng.SuiteRunnerWorker.runSuite(SuiteRunnerWorker.java:53)
at org.testng.SuiteRunnerWorker.run(SuiteRunnerWorker.java:96)
at org.testng.TestNG.runSuitesSequentially(TestNG.java:1212)
at org.testng.TestNG.runSuitesLocally(TestNG.java:1134)
at org.testng.TestNG.runSuites(TestNG.java:1063)
at org.testng.TestNG.run(TestNG.java:1031)
at org.testng.remote.AbstractRemoteTestNG.run(AbstractRemoteTestNG.java:115)
at org.testng.remote.RemoteTestNG.initAndRun(RemoteTestNG.java:251)
at org.testng.remote.RemoteTestNG.main(RemoteTestNG.java:77)
]]>
    </failure>
  </testcase> <!-- test -->
  <testcase classname="TestNG.Fileuploadpgm" name="main" time="0.0">
    <skipped/>
  </testcase> <!-- main -->
  <testcase classname="TestNG.Movetoelement" name="test" time="0.0">
    <skipped/>
  </testcase> <!-- test -->
  <testcase classname="TestNG.Parameterisation" name="test" time="0.0">
    <failure type="org.testng.TestNGException" message="
Parameter &amp;apos;t&amp;apos; is required by @Test on method test but has not been marked @Optional or defined
in C:\Users\DELL\AppData\Local\Temp\testng-eclipse-1501916663\testng-customsuite.xml">
      <![CDATA[org.testng.TestNGException: 
Parameter 't' is required by @Test on method test but has not been marked @Optional or defined
in C:\Users\DELL\AppData\Local\Temp\testng-eclipse-1501916663\testng-customsuite.xml
at org.testng.internal.Parameters.createParams(Parameters.java:270)
at org.testng.internal.Parameters.createParametersForMethod(Parameters.java:358)
at org.testng.internal.Parameters.createParameters(Parameters.java:700)
at org.testng.internal.Parameters.handleParameters(Parameters.java:884)
at org.testng.internal.Parameters.handleParameters(Parameters.java:740)
at org.testng.internal.ParameterHandler.handleParameters(ParameterHandler.java:59)
at org.testng.internal.ParameterHandler.createParameters(ParameterHandler.java:38)
at org.testng.internal.TestInvoker$MethodInvocationAgent.invoke(TestInvoker.java:791)
at org.testng.internal.TestInvoker.invokeTestMethods(TestInvoker.java:146)
at org.testng.internal.TestMethodWorker.invokeTestMethods(TestMethodWorker.java:146)
at org.testng.internal.TestMethodWorker.run(TestMethodWorker.java:128)
at java.base/java.util.ArrayList.forEach(ArrayList.java:1511)
at org.testng.TestRunner.privateRun(TestRunner.java:794)
at org.testng.TestRunner.run(TestRunner.java:596)
at org.testng.SuiteRunner.runTest(SuiteRunner.java:377)
at org.testng.SuiteRunner.runSequentially(SuiteRunner.java:371)
at org.testng.SuiteRunner.privateRun(SuiteRunner.java:332)
at org.testng.SuiteRunner.run(SuiteRunner.java:276)
at org.testng.SuiteRunnerWorker.runSuite(SuiteRunnerWorker.java:53)
at org.testng.SuiteRunnerWorker.run(SuiteRunnerWorker.java:96)
at org.testng.TestNG.runSuitesSequentially(TestNG.java:1212)
at org.testng.TestNG.runSuitesLocally(TestNG.java:1134)
at org.testng.TestNG.runSuites(TestNG.java:1063)
at org.testng.TestNG.run(TestNG.java:1031)
at org.testng.remote.AbstractRemoteTestNG.run(AbstractRemoteTestNG.java:115)
at org.testng.remote.RemoteTestNG.initAndRun(RemoteTestNG.java:251)
at org.testng.remote.RemoteTestNG.main(RemoteTestNG.java:77)
]]>
    </failure>
  </testcase> <!-- test -->
  <testcase classname="TestNG.Shoppy" name="test" time="0.0">
    <skipped/>
  </testcase> <!-- test -->
  <testcase classname="TestNG.TestNGDemo" name="test1" time="0.0">
    <skipped/>
  </testcase> <!-- test1 -->
  <testcase classname="TestNG.TestNGDemo" name="test2" time="0.0">
    <skipped/>
  </testcase> <!-- test2 -->
  <testcase classname="TestNG.TestNGDemo" name="test3" time="0.0">
    <skipped/>
  </testcase> <!-- test3 -->
  <testcase classname="TestNG.Windowhandler" name="test" time="0.0">
    <skipped/>
  </testcase> <!-- test -->
</testsuite> <!-- TestNG -->
